<?xml version="1.0" encoding="UTF-8"?>
<!-- Generated by org.testng.reporters.JUnitXMLReporter -->
<testsuite hostname="EPBYMINW2444" ignored="0" name="Default test" tests="14" failures="0" timestamp="09 Jun 2017 09:42:55 GMT" time="0.089" errors="0">
  <testcase name="testSum" time="0.005" classname="by.epam.atmentoring.unittest.CalculatorTestSum"/>
  <testcase name="testSum" time="0.001" classname="by.epam.atmentoring.unittest.CalculatorTestSum"/>
  <testcase name="testSum" time="0.001" classname="by.epam.atmentoring.unittest.CalculatorTestSum"/>
  <testcase name="testSum" time="0.001" classname="by.epam.atmentoring.unittest.CalculatorTestSum"/>
  <testcase name="testSum" time="0.0" classname="by.epam.atmentoring.unittest.CalculatorTestSum"/>
  <testcase name="testSum" time="0.001" classname="by.epam.atmentoring.unittest.CalculatorTestSum"/>
  <testcase name="testSum" time="0.0" classname="by.epam.atmentoring.unittest.CalculatorTestSum"/>
  <testcase name="testSum" time="0.0" classname="by.epam.atmentoring.unittest.CalculatorTestSum"/>
  <testcase name="testSum" time="0.001" classname="by.epam.atmentoring.unittest.CalculatorTestSum"/>
  <testcase name="testSum" time="0.001" classname="by.epam.atmentoring.unittest.CalculatorTestSum"/>
  <testcase name="testSum" time="0.001" classname="by.epam.atmentoring.unittest.CalculatorTestSum"/>
  <testcase name="testSum" time="0.0" classname="by.epam.atmentoring.unittest.CalculatorTestSum"/>
  <testcase name="testSum" time="0.0" classname="by.epam.atmentoring.unittest.CalculatorTestSum"/>
  <testcase name="testSum" time="0.0" classname="by.epam.atmentoring.unittest.CalculatorTestSum"/>
</testsuite> <!-- Default test -->
