<?xml version="1.0" encoding="UTF-8"?>
<!-- Generated by org.testng.reporters.JUnitXMLReporter -->
<testsuite hostname="EPBYMINW2444" ignored="0" name="CalculatorTestSin" tests="7" failures="0" timestamp="11 Jun 2017 09:24:12 GMT" time="0.006" errors="0">
  <testcase name="testSin" time="0.001" classname="by.epam.atmentoring.unittest.CalculatorTestSin"/>
  <testcase name="testSin" time="0.0" classname="by.epam.atmentoring.unittest.CalculatorTestSin"/>
  <testcase name="testSin" time="0.0" classname="by.epam.atmentoring.unittest.CalculatorTestSin"/>
  <testcase name="testSin" time="0.0" classname="by.epam.atmentoring.unittest.CalculatorTestSin"/>
  <testcase name="testSin" time="0.0" classname="by.epam.atmentoring.unittest.CalculatorTestSin"/>
  <testcase name="testSin" time="0.0" classname="by.epam.atmentoring.unittest.CalculatorTestSin"/>
  <testcase name="testSin" time="0.0" classname="by.epam.atmentoring.unittest.CalculatorTestSin"/>
</testsuite> <!-- CalculatorTestSin -->
