<?xml version="1.0" encoding="UTF-8"?>
<!-- Generated by org.testng.reporters.JUnitXMLReporter -->
<testsuite hostname="EPBYMINW2444" ignored="0" name="CalculatorTestSub" tests="14" failures="0" timestamp="11 Jun 2017 09:24:12 GMT" time="0.115" errors="0">
  <testcase name="testSub" time="0.007" classname="by.epam.atmentoring.unittest.CalculatorTestSub"/>
  <testcase name="testSub" time="0.004" classname="by.epam.atmentoring.unittest.CalculatorTestSub"/>
  <testcase name="testSub" time="0.024" classname="by.epam.atmentoring.unittest.CalculatorTestSub"/>
  <testcase name="testSub" time="0.001" classname="by.epam.atmentoring.unittest.CalculatorTestSub"/>
  <testcase name="testSub" time="0.001" classname="by.epam.atmentoring.unittest.CalculatorTestSub"/>
  <testcase name="testSub" time="0.002" classname="by.epam.atmentoring.unittest.CalculatorTestSub"/>
  <testcase name="testSub" time="0.003" classname="by.epam.atmentoring.unittest.CalculatorTestSub"/>
  <testcase name="testSub" time="0.001" classname="by.epam.atmentoring.unittest.CalculatorTestSub"/>
  <testcase name="testSub" time="0.001" classname="by.epam.atmentoring.unittest.CalculatorTestSub"/>
  <testcase name="testSub" time="0.002" classname="by.epam.atmentoring.unittest.CalculatorTestSub"/>
  <testcase name="testSub" time="0.0" classname="by.epam.atmentoring.unittest.CalculatorTestSub"/>
  <testcase name="testSub" time="0.0" classname="by.epam.atmentoring.unittest.CalculatorTestSub"/>
  <testcase name="testSub" time="0.001" classname="by.epam.atmentoring.unittest.CalculatorTestSub"/>
  <testcase name="testSub" time="0.004" classname="by.epam.atmentoring.unittest.CalculatorTestSub"/>
</testsuite> <!-- CalculatorTestSub -->
